<?xml version="1.0" encoding="UTF-8"?>
<!-- Generated by org.testng.reporters.JUnitReportReporter -->
<testsuite skipped="0" hostname="DESKTOP-22O3624" name="com.saucedemo.testsuite.LoginPageTest" tests="2" failures="0" timestamp="2023-05-07T12:30:00 BST" time="8.951" errors="0">
  <testcase name="verifyThatSixProductsAreDisplayedOnPage" time="3.579" classname="com.saucedemo.testsuite.LoginPageTest"/>
  <system-out>
    <![CDATA[Enter username standard_user to username field [[ChromeDriver: chrome on WINDOWS (760573b676e8173ff2e32f245ae7198f)] -> xpath: //input[@id='user-name']]
Enter password secret_sauce to password field [[ChromeDriver: chrome on WINDOWS (760573b676e8173ff2e32f245ae7198f)] -> xpath: //input[@id='password']]
Clicking on Login Button [[ChromeDriver: chrome on WINDOWS (760573b676e8173ff2e32f245ae7198f)] -> xpath: //input[@id='login-button']]
Count Total no of products]]>
  </system-out>
  <testcase name="userShouldLoginSuccessfullyWithValidCredentials" time="5.372" classname="com.saucedemo.testsuite.LoginPageTest"/>
  <system-out>
    <![CDATA[Enter username standard_user to username field [[ChromeDriver: chrome on WINDOWS (1b27d3512ea4da55726a5f49dbc178e4)] -> xpath: //input[@id='user-name']]
Enter password secret_sauce to password field [[ChromeDriver: chrome on WINDOWS (1b27d3512ea4da55726a5f49dbc178e4)] -> xpath: //input[@id='password']]
Clicking on Login Button [[ChromeDriver: chrome on WINDOWS (1b27d3512ea4da55726a5f49dbc178e4)] -> xpath: //input[@id='login-button']]
Get text from product title]]>
  </system-out>
</testsuite> <!-- com.saucedemo.testsuite.LoginPageTest -->
